<?xml version="1.0" encoding="UTF-8"?>
<!-- Generated by org.testng.reporters.JUnitReportReporter -->
<testsuite hostname="TYC1121225" failures="0" tests="1" name="com.timeTracking.actitme.Automation.moduleName.TestCaseName" time="8.124" errors="0" timestamp="2022-10-19T15:34:34 IST" skipped="0">
  <testcase classname="com.timeTracking.actitme.Automation.moduleName.TestCaseName" name="testCaseName" time="8.124"/>
  <system-out/>
</testsuite> <!-- com.timeTracking.actitme.Automation.moduleName.TestCaseName -->
