<?xml version="1.0" encoding="UTF-8"?>
<!-- Generated by org.testng.reporters.JUnitReportReporter -->
<testsuite hostname="TYC1121225" failures="0" tests="1" name="com.timeTracking.actitme.Automation.moduleName.ClassA" time="0.018" errors="0" timestamp="2022-10-20T15:07:59 IST" skipped="0">
  <testcase classname="com.timeTracking.actitme.Automation.moduleName.ClassA" name="demo1" time="0.018"/>
  <system-out/>
</testsuite> <!-- com.timeTracking.actitme.Automation.moduleName.ClassA -->
