<?xml version="1.0" encoding="UTF-8"?>
<!-- Generated by org.testng.reporters.JUnitReportReporter -->
<testsuite hostname="TYC1121225" failures="0" tests="1" name="com.timeTracking.actitme.Automation.moduleName.ClassB" time="0.004" errors="0" timestamp="2022-10-20T15:07:59 IST" skipped="0">
  <testcase classname="com.timeTracking.actitme.Automation.moduleName.ClassB" name="demo2" time="0.004"/>
  <system-out/>
</testsuite> <!-- com.timeTracking.actitme.Automation.moduleName.ClassB -->
